<?xml version="1.0" encoding="UTF-8"?>
<testng-results skipped="0" failed="0" total="1" passed="1">
  <reporter-output>
  </reporter-output>
  <suite name="Surefire suite" duration-ms="23320" started-at="2017-08-29T13:08:22Z" finished-at="2017-08-29T13:08:45Z">
    <groups>
    </groups>
    <test name="Surefire test" duration-ms="23320" started-at="2017-08-29T13:08:22Z" finished-at="2017-08-29T13:08:45Z">
      <class name="example.NewTest">
        <test-method status="PASS" signature="testEasy()[pri:0, instance:example.NewTest@2ed94a8b]" name="testEasy" duration-ms="23303" started-at="2017-08-29T18:38:22Z" finished-at="2017-08-29T18:38:45Z">
          <reporter-output>
          </reporter-output>
        </test-method> <!-- testEasy -->
      </class> <!-- example.NewTest -->
    </test> <!-- Surefire test -->
  </suite> <!-- Surefire suite -->
</testng-results>
